
**** Build of configuration Debug for project Embedded_Final ****

/opt/ti/ccsv7/utils/bin/gmake -k -j 1 all -O 
 
Building file: "../master-main.c"
Invoking: MSP432 Compiler
"/opt/ti/ccsv7/tools/compiler/ti-cgt-arm_16.9.6.LTS/bin/armcl" -mv7M4 --code_state=16 --float_support=FPv4SPD16 -me --include_path="/opt/ti/ccsv7/ccs_base/arm/include" --include_path="/opt/ti/ccsv7/ccs_base/arm/include/CMSIS" --include_path="/home/kaylak/workspace_v7/Embedded_FinalProj" --include_path="/opt/ti/ccsv7/tools/compiler/ti-cgt-arm_16.9.6.LTS/include" --advice:power=all --define=__MSP432P401R__ --define=ccs -g --gcc --diag_warning=225 --diag_wrap=off --display_error_number --abi=eabi --preproc_with_compile --preproc_dependency="master-main.d_raw"  "../master-main.c"
"../master-main.c", line 142: warning #522-D: initialization with "{...}" expected for aggregate object
"../master-main.c", line 149: warning #169-D: argument of type "char (*)[3]" is incompatible with parameter of type "const uint8_t *"
"../master-main.c", line 85: warning #179-D: variable "begin" was declared but never referenced
"../master-main.c", line 86: warning #179-D: variable "is_freefall" was declared but never referenced
"../master-main.c", line 168: remark #1527-D: (ULP 2.1) Detected SW delay loop using empty loop. Recommend using a timer module instead
"../master-main.c", line 188: remark #1527-D: (ULP 2.1) Detected SW delay loop using empty loop. Recommend using a timer module instead
"../master-main.c", line 185 (col. 20): remark #1531-D: (ULP 5.2) Detected floating point operation(s). Recommend moving them to RAM during run time or not using as these are processing/power intensive
"../master-main.c", line 192 (col. 26): remark #1531-D: (ULP 5.2) Detected floating point operation(s). Recommend moving them to RAM during run time or not using as these are processing/power intensive
Finished building: "../master-main.c"
 
Building target: "Embedded_Final.out"
Invoking: MSP432 Linker
"/opt/ti/ccsv7/tools/compiler/ti-cgt-arm_16.9.6.LTS/bin/armcl" -mv7M4 --code_state=16 --float_support=FPv4SPD16 -me --advice:power=all --define=__MSP432P401R__ --define=ccs -g --gcc --diag_warning=225 --diag_wrap=off --display_error_number --abi=eabi -z -m"Embedded_Final.map" --heap_size=1024 --stack_size=512 -i"/opt/ti/ccsv7/ccs_base/arm/include" -i"/opt/ti/ccsv7/tools/compiler/ti-cgt-arm_16.9.6.LTS/lib" -i"/opt/ti/ccsv7/tools/compiler/ti-cgt-arm_16.9.6.LTS/include" --reread_libs --diag_wrap=off --display_error_number --warn_sections --xml_link_info="Embedded_Final_linkInfo.xml" --rom_model -o "Embedded_Final.out" "./ADC.obj" "./FPS.obj" "./RTC.obj" "./UART.obj" "./master-main.obj" "./port.obj" "./startup_msp432p401r_ccs.obj" "./state.obj" "./system_msp432p401r.obj" "./timers.obj" "../msp432p401r.cmd"  -llibc.a 
<Linking>
remark #10372-D: (ULP 4.1) Detected uninitialized Port 1 in this project. Recommend initializing all unused ports to eliminate wasted current consumption on unused pins.
remark #10372-D: (ULP 4.1) Detected uninitialized Port 2 in this project. Recommend initializing all unused ports to eliminate wasted current consumption on unused pins.
remark #10372-D: (ULP 4.1) Detected uninitialized Port 3 in this project. Recommend initializing all unused ports to eliminate wasted current consumption on unused pins.
remark #10372-D: (ULP 4.1) Detected uninitialized Port 4 in this project. Recommend initializing all unused ports to eliminate wasted current consumption on unused pins.
remark #10372-D: (ULP 4.1) Detected uninitialized Port 5 in this project. Recommend initializing all unused ports to eliminate wasted current consumption on unused pins.
remark #10372-D: (ULP 4.1) Detected uninitialized Port 6 in this project. Recommend initializing all unused ports to eliminate wasted current consumption on unused pins.
remark #10372-D: (ULP 4.1) Detected uninitialized Port 7 in this project. Recommend initializing all unused ports to eliminate wasted current consumption on unused pins.
remark #10372-D: (ULP 4.1) Detected uninitialized Port 8 in this project. Recommend initializing all unused ports to eliminate wasted current consumption on unused pins.
remark #10372-D: (ULP 4.1) Detected uninitialized Port 9 in this project. Recommend initializing all unused ports to eliminate wasted current consumption on unused pins.
remark #10372-D: (ULP 4.1) Detected uninitialized Port 10 in this project. Recommend initializing all unused ports to eliminate wasted current consumption on unused pins.
Finished building target: "Embedded_Final.out"
 

**** Build Finished ****
